<?xml version="1.0" encoding="UTF-8"?>
<!-- Generated by org.testng.reporters.JUnitXMLReporter -->
<testsuite ignored="0" hostname="Sunnys-MacBook-Pro.local" failures="1" tests="3" name="Test" time="9.585" errors="0" timestamp="2026-03-20T17:17:46 MST">
  <testcase classname="com.googlemaps.rshet.apitests.POSTAPITest" name="postAPI" time="2.151"/>
  <testcase classname="com.googlemaps.rshet.apitests.GETAPITest" name="getAPITestResponse" time="3.653">
    <failure type="java.lang.AssertionError" message="1 expectation failed.
JSON path address doesn&amp;apos;t match.
Expected: 70 Summer walk, USA
  Actual: 29, side layout, cohen 09
">
      <![CDATA[java.lang.AssertionError: 1 expectation failed.
JSON path address doesn't match.
Expected: 70 Summer walk, USA
  Actual: 29, side layout, cohen 09

at org.codehaus.groovy.runtime.callsite.ConstructorSite$ConstructorSiteNoUnwrap.callConstructor(ConstructorSite.java:86)
at org.codehaus.groovy.runtime.callsite.CallSiteArray.defaultCallConstructor(CallSiteArray.java:57)
at org.codehaus.groovy.runtime.callsite.AbstractCallSite.callConstructor(AbstractCallSite.java:263)
at org.codehaus.groovy.runtime.callsite.AbstractCallSite.callConstructor(AbstractCallSite.java:277)
at io.restassured.internal.ResponseSpecificationImpl$HamcrestAssertionClosure.validate(ResponseSpecificationImpl.groovy:512)
at io.restassured.internal.ResponseSpecificationImpl$HamcrestAssertionClosure$validate$1.call(Unknown Source)
at io.restassured.internal.ResponseSpecificationImpl.validateResponseIfRequired(ResponseSpecificationImpl.groovy:696)
at io.restassured.internal.ResponseSpecificationImpl.this$2$validateResponseIfRequired(ResponseSpecificationImpl.groovy)
at org.codehaus.groovy.runtime.callsite.PlainObjectMetaMethodSite.doInvoke(PlainObjectMetaMethodSite.java:43)
at org.codehaus.groovy.runtime.callsite.PogoMetaMethodSite$PogoCachedMethodSiteNoUnwrapNoCoerce.invoke(PogoMetaMethodSite.java:198)
at org.codehaus.groovy.runtime.callsite.PogoMetaMethodSite.callCurrent(PogoMetaMethodSite.java:62)
at org.codehaus.groovy.runtime.callsite.AbstractCallSite.callCurrent(AbstractCallSite.java:185)
at io.restassured.internal.ResponseSpecificationImpl.body(ResponseSpecificationImpl.groovy:270)
at io.restassured.specification.ResponseSpecification$body$1.callCurrent(Unknown Source)
at io.restassured.internal.ResponseSpecificationImpl.body(ResponseSpecificationImpl.groovy:117)
at io.restassured.internal.ValidatableResponseOptionsImpl.body(ValidatableResponseOptionsImpl.java:244)
at com.googlemaps.rshet.apitests.GETAPITest.getAPITestResponse(GETAPITest.java:31)
at java.base/java.util.ArrayList.forEach(ArrayList.java:1541)
... Removed 37 stack frames]]>
    </failure>
  </testcase> <!-- getAPITestResponse -->
  <testcase classname="com.googlemaps.rshet.apitests.UpdateAPITest" name="updateApi" time="3.753"/>
</testsuite> <!-- Test -->
