<?xml version="1.0" encoding="UTF-8"?>
<testsuite xmlns:xsi="http://www.w3.org/2001/XMLSchema-instance" xsi:noNamespaceSchemaLocation="https://maven.apache.org/surefire/maven-surefire-plugin/xsd/surefire-test-report-3.0.xsd" version="3.0" name="cucumber.Options.TestRunner" time="15.197" tests="3" errors="0" skipped="0" failures="0">
  <properties>
[...]
</properties>
  <testcase name="Verify if place is being successfully added using AddPlaceAPI #1" classname="Validating Place API&apos;s" time="5.9">
    <system-out><![CDATA[
@AddPlace
Scenario Outline: Verify if place is being successfully added using AddPlaceAPI                     &amp#27;[90m# src/test/java/cucumberFeatureFiles/placeValidation.feature:14&amp#27;[0m
  &amp#27;[32mGiven &amp#27;[0m&amp#27;[32mAdd Place Payload with &amp#27;[0m&amp#27;[32m&amp#27;[1m"Costco"&amp#27;[0m&amp#27;[32m ,&amp#27;[0m&amp#27;[32m&amp#27;[1m"Arizona"&amp#27;[0m&amp#27;[32m , &amp#27;[0m&amp#27;[32m&amp#27;[1m50&amp#27;[0m&amp#27;[32m , &amp#27;[0m&amp#27;[32m&amp#27;[1m"6785432561"&amp#27;[0m&amp#27;[32m, &amp#27;[0m&amp#27;[32m&amp#27;[1m"English"&amp#27;[0m&amp#27;[32m, &amp#27;[0m&amp#27;[32m&amp#27;[1m"www.costco.com"&amp#27;[0m &amp#27;[90m# cucumberStepDefinition.placeValidationStepDefinition.add_place_payload_with(java.lang.String,java.lang.String,java.lang.Integer,java.lang.String,java.lang.String,java.lang.String)&amp#27;[0m
  &amp#27;[32mWhen &amp#27;[0m&amp#27;[32muser calls &amp#27;[0m&amp#27;[32m&amp#27;[1m"addPlaceAPI"&amp#27;[0m&amp#27;[32m with &amp#27;[0m&amp#27;[32m&amp#27;[1m"POST"&amp#27;[0m&amp#27;[32m http request&amp#27;[0m                                            &amp#27;[90m# cucumberStepDefinition.placeValidationStepDefinition.user_calls_add_place_api_with_post_http_request(java.lang.String,java.lang.String)&amp#27;[0m
  &amp#27;[32mThen &amp#27;[0m&amp#27;[32mthe API call got success with status code &amp#27;[0m&amp#27;[32m&amp#27;[1m200&amp#27;[0m                                                &amp#27;[90m# cucumberStepDefinition.placeValidationStepDefinition.the_api_call_got_success_with_status_code(java.lang.Integer)&amp#27;[0m
  &amp#27;[32mAnd &amp#27;[0m&amp#27;[32m&amp#27;[0m&amp#27;[32m&amp#27;[1m"status"&amp#27;[0m&amp#27;[32m in response body is &amp#27;[0m&amp#27;[32m&amp#27;[1m"OK"&amp#27;[0m                                                             &amp#27;[90m# cucumberStepDefinition.placeValidationStepDefinition.validate_response_body(java.lang.String,java.lang.String)&amp#27;[0m
  &amp#27;[32mAnd &amp#27;[0m&amp#27;[32m&amp#27;[0m&amp#27;[32m&amp#27;[1m"scope"&amp#27;[0m&amp#27;[32m in response body is &amp#27;[0m&amp#27;[32m&amp#27;[1m"APP"&amp#27;[0m                                                             &amp#27;[90m# cucumberStepDefinition.placeValidationStepDefinition.validate_response_body(java.lang.String,java.lang.String)&amp#27;[0m
  &amp#27;[32mAnd &amp#27;[0m&amp#27;[32mverify place_id created maps to &amp#27;[0m&amp#27;[32m&amp#27;[1m"Costco"&amp#27;[0m&amp#27;[32m using &amp#27;[0m&amp#27;[32m&amp#27;[1m"getPlaceAPI"&amp#27;[0m                                  &amp#27;[90m# cucumberStepDefinition.placeValidationStepDefinition.verify_place_id_created_maps_to_using(java.lang.String,java.lang.String)&amp#27;[0m
]]></system-out>
    <system-err><![CDATA[SLF4J(W): No SLF4J providers were found.
SLF4J(W): Defaulting to no-operation (NOP) logger implementation
SLF4J(W): See https://www.slf4j.org/codes.html#noProviders for further details.
]]></system-err>
  </testcase>
  <testcase name="Verify if place is being successfully added using AddPlaceAPI #2" classname="Validating Place API&apos;s" time="4.392">
    <system-out><![CDATA[
@AddPlace
Scenario Outline: Verify if place is being successfully added using AddPlaceAPI               &amp#27;[90m# src/test/java/cucumberFeatureFiles/placeValidation.feature:15&amp#27;[0m
  &amp#27;[32mGiven &amp#27;[0m&amp#27;[32mAdd Place Payload with &amp#27;[0m&amp#27;[32m&amp#27;[1m"Home"&amp#27;[0m&amp#27;[32m ,&amp#27;[0m&amp#27;[32m&amp#27;[1m"Ponda"&amp#27;[0m&amp#27;[32m , &amp#27;[0m&amp#27;[32m&amp#27;[1m10&amp#27;[0m&amp#27;[32m , &amp#27;[0m&amp#27;[32m&amp#27;[1m"7896542341"&amp#27;[0m&amp#27;[32m, &amp#27;[0m&amp#27;[32m&amp#27;[1m"Konkani"&amp#27;[0m&amp#27;[32m, &amp#27;[0m&amp#27;[32m&amp#27;[1m"www.home.com"&amp#27;[0m &amp#27;[90m# cucumberStepDefinition.placeValidationStepDefinition.add_place_payload_with(java.lang.String,java.lang.String,java.lang.Integer,java.lang.String,java.lang.String,java.lang.String)&amp#27;[0m
  &amp#27;[32mWhen &amp#27;[0m&amp#27;[32muser calls &amp#27;[0m&amp#27;[32m&amp#27;[1m"addPlaceAPI"&amp#27;[0m&amp#27;[32m with &amp#27;[0m&amp#27;[32m&amp#27;[1m"POST"&amp#27;[0m&amp#27;[32m http request&amp#27;[0m                                      &amp#27;[90m# cucumberStepDefinition.placeValidationStepDefinition.user_calls_add_place_api_with_post_http_request(java.lang.String,java.lang.String)&amp#27;[0m
  &amp#27;[32mThen &amp#27;[0m&amp#27;[32mthe API call got success with status code &amp#27;[0m&amp#27;[32m&amp#27;[1m200&amp#27;[0m                                          &amp#27;[90m# cucumberStepDefinition.placeValidationStepDefinition.the_api_call_got_success_with_status_code(java.lang.Integer)&amp#27;[0m
  &amp#27;[32mAnd &amp#27;[0m&amp#27;[32m&amp#27;[0m&amp#27;[32m&amp#27;[1m"status"&amp#27;[0m&amp#27;[32m in response body is &amp#27;[0m&amp#27;[32m&amp#27;[1m"OK"&amp#27;[0m                                                       &amp#27;[90m# cucumberStepDefinition.placeValidationStepDefinition.validate_response_body(java.lang.String,java.lang.String)&amp#27;[0m
  &amp#27;[32mAnd &amp#27;[0m&amp#27;[32m&amp#27;[0m&amp#27;[32m&amp#27;[1m"scope"&amp#27;[0m&amp#27;[32m in response body is &amp#27;[0m&amp#27;[32m&amp#27;[1m"APP"&amp#27;[0m                                                       &amp#27;[90m# cucumberStepDefinition.placeValidationStepDefinition.validate_response_body(java.lang.String,java.lang.String)&amp#27;[0m
  &amp#27;[32mAnd &amp#27;[0m&amp#27;[32mverify place_id created maps to &amp#27;[0m&amp#27;[32m&amp#27;[1m"Home"&amp#27;[0m&amp#27;[32m using &amp#27;[0m&amp#27;[32m&amp#27;[1m"getPlaceAPI"&amp#27;[0m                              &amp#27;[90m# cucumberStepDefinition.placeValidationStepDefinition.verify_place_id_created_maps_to_using(java.lang.String,java.lang.String)&amp#27;[0m
]]></system-out>
  </testcase>
  <testcase name="Verify if places are sucessfuly getting deleted using DeletePlaceAPI" classname="Validating Place API&apos;s" time="4.709">
    <system-out><![CDATA[
@DeletePlace
Scenario: Verify if places are sucessfuly getting deleted using DeletePlaceAPI &amp#27;[90m# src/test/java/cucumberFeatureFiles/placeValidation.feature:18&amp#27;[0m
  &amp#27;[32mGiven &amp#27;[0m&amp#27;[32mPlace is added successfully&amp#27;[0m                                            &amp#27;[90m# cucumberStepDefinition.placeValidationStepDefinition.place_is_added_successfully()&amp#27;[0m
  &amp#27;[32mWhen &amp#27;[0m&amp#27;[32muser calls &amp#27;[0m&amp#27;[32m&amp#27;[1m"deletePlaceAPI"&amp#27;[0m&amp#27;[32m with &amp#27;[0m&amp#27;[32m&amp#27;[1m"DELETE"&amp#27;[0m&amp#27;[32m http request&amp#27;[0m                  &amp#27;[90m# cucumberStepDefinition.placeValidationStepDefinition.user_calls_add_place_api_with_post_http_request(java.lang.String,java.lang.String)&amp#27;[0m
  &amp#27;[32mThen &amp#27;[0m&amp#27;[32mthe API call got success with status code &amp#27;[0m&amp#27;[32m&amp#27;[1m200&amp#27;[0m                           &amp#27;[90m# cucumberStepDefinition.placeValidationStepDefinition.the_api_call_got_success_with_status_code(java.lang.Integer)&amp#27;[0m
  &amp#27;[32mAnd &amp#27;[0m&amp#27;[32m&amp#27;[0m&amp#27;[32m&amp#27;[1m"status"&amp#27;[0m&amp#27;[32m in response body is &amp#27;[0m&amp#27;[32m&amp#27;[1m"OK"&amp#27;[0m                                        &amp#27;[90m# cucumberStepDefinition.placeValidationStepDefinition.validate_response_body(java.lang.String,java.lang.String)&amp#27;[0m
]]></system-out>
  </testcase>
</testsuite>