<?xml version="1.0" encoding="UTF-8"?>
<testng-results ignored="0" total="1" passed="1" failed="0" skipped="0">
  <reporter-output>
  </reporter-output>
  <suite started-at="2026-03-24T11:46:15 MST" name="Default suite" finished-at="2026-03-24T11:46:17 MST" duration-ms="1924">
    <groups>
    </groups>
    <test started-at="2026-03-24T11:46:15 MST" name="Default test" finished-at="2026-03-24T11:46:17 MST" duration-ms="1924">
      <class name="com.googlemaps.rshet.apitests.POSTAPITest">
        <test-method signature="postAPI()[pri:0, instance:com.googlemaps.rshet.apitests.POSTAPITest@19932c16]" started-at="2026-03-24T11:46:15 MST" name="postAPI" finished-at="2026-03-24T11:46:17 MST" duration-ms="1906" status="PASS">
          <reporter-output>
          </reporter-output>
        </test-method> <!-- postAPI -->
      </class> <!-- com.googlemaps.rshet.apitests.POSTAPITest -->
    </test> <!-- Default test -->
  </suite> <!-- Default suite -->
</testng-results>
