<?xml version="1.0" encoding="UTF-8"?>
<!-- Generated by org.testng.reporters.JUnitReportReporter -->
<testsuite hostname="Sunnys-MacBook-Pro.local" failures="0" tests="2" name="serialization.and.deserialization.GetCourseDetailsusingPOJO" time="4.700" errors="0" timestamp="2026-03-23T16:26:14 MST" skipped="0">
  <testcase classname="serialization.and.deserialization.GetCourseDetailsusingPOJO" name="accessToken" time="3.273"/>
  <testcase classname="serialization.and.deserialization.GetCourseDetailsusingPOJO" name="getCourseDetails" time="1.427"/>
</testsuite> <!-- serialization.and.deserialization.GetCourseDetailsusingPOJO -->
