<?xml version="1.0" encoding="UTF-8"?>
<!-- Generated by org.testng.reporters.JUnitReportReporter -->
<testsuite hostname="Sunnys-MacBook-Pro.local" failures="0" tests="2" name="oAuthDemo.AuthorizationServer" time="3.363" errors="0" timestamp="2026-03-23T10:07:19 MST" skipped="0">
  <testcase classname="oAuthDemo.AuthorizationServer" name="accessToken" time="2.110"/>
  <testcase classname="oAuthDemo.AuthorizationServer" name="getCourseDetails" time="1.253"/>
</testsuite> <!-- oAuthDemo.AuthorizationServer -->
